Flutter crash report; please file at https://github.com/flutter/flutter/issues.

## command

flutter test --machine --start-paused test/widget_test.dart

## exception

NoSuchMethodError: NoSuchMethodError: The getter 'environment' was called on null.
Receiver: null
Tried calling: environment

```
#0      Object.noSuchMethod (dart:core-patch/object_patch.dart:53:5)
#1      JsonReporter._idForSuite.<anonymous closure> (package:test_core/src/runner/reporter/json.dart:184:38)
#2      _rootRunUnary (dart:async/zone.dart:1134:38)
#3      _CustomZone.runUnary (dart:async/zone.dart:1031:19)
#4      _FutureListener.handleValue (dart:async/future_impl.dart:140:18)
#5      Future._propagateToListeners.handleValueCallback (dart:async/future_impl.dart:682:45)
#6      Future._propagateToListeners (dart:async/future_impl.dart:711:32)
#7      Future._completeWithValue (dart:async/future_impl.dart:526:5)
#8      _AsyncAwaitCompleter.complete (dart:async-patch/async_patch.dart:34:15)
#9      _completeOnAsyncReturn (dart:async-patch/async_patch.dart:293:13)
#10     LoadSuite.suite (package:test_core/src/runner/load_suite.dart)
<asynchronous suspension>
#11     JsonReporter._idForSuite (package:test_core/src/runner/reporter/json.dart:176:13)
#12     JsonReporter._onTestStarted (package:test_core/src/runner/reporter/json.dart:120:19)
#13     _rootRunUnary (dart:async/zone.dart:1138:13)
#14     _CustomZone.runUnary (dart:async/zone.dart:1031:19)
#15     _CustomZone.runUnaryGuarded (dart:async/zone.dart:933:7)
#16     _BufferingStreamSubscription._sendData (dart:async/stream_impl.dart:339:11)
#17     _BufferingStreamSubscription._add (dart:async/stream_impl.dart:266:7)
#18     _SyncBroadcastStreamController._sendData (dart:async/broadcast_stream_controller.dart:377:20)
#19     _BroadcastStreamController.add (dart:async/broadcast_stream_controller.dart:252:5)
#20     _rootRunUnary (dart:async/zone.dart:1134:38)
#21     _CustomZone.runUnary (dart:async/zone.dart:1031:19)
#22     _CustomZone.runUnaryGuarded (dart:async/zone.dart:933:7)
#23     _BufferingStreamSubscription._sendData (dart:async/stream_impl.dart:339:11)
#24     _BufferingStreamSubscription._add (dart:async/stream_impl.dart:266:7)
#25     _SyncBroadcastStreamController._sendData (dart:async/broadcast_stream_controller.dart:377:20)
#26     _BroadcastStreamController.add (dart:async/broadcast_stream_controller.dart:252:5)
#27     LiveSuiteController.reportLiveTest (package:test_core/src/runner/live_suite_controller.dart:137:30)
#28     Engine._addLoadSuite (package:test_core/src/runner/engine.dart:478:16)
#29     Engine.run.<anonymous closure>.<anonymous closure> (package:test_core/src/runner/engine.dart:273:30)
<asynchronous suspension>
#30     Engine.run.<anonymous closure> (package:test_core/src/runner/engine.dart:291:8)
#31     _rootRunUnary (dart:async/zone.dart:1134:38)
#32     _CustomZone.runUnary (dart:async/zone.dart:1031:19)
#33     _CustomZone.runUnaryGuarded (dart:async/zone.dart:933:7)
#34     _BufferingStreamSubscription._sendData (dart:async/stream_impl.dart:339:11)
#35     _DelayedData.perform (dart:async/stream_impl.dart:594:14)
#36     _StreamImplEvents.handleNext (dart:async/stream_impl.dart:710:11)
#37     _PendingEvents.schedule.<anonymous closure> (dart:async/stream_impl.dart:670:7)
#38     _rootRun (dart:async/zone.dart:1122:38)
#39     _CustomZone.run (dart:async/zone.dart:1023:19)
#40     _CustomZone.runGuarded (dart:async/zone.dart:925:7)
#41     _CustomZone.bindCallbackGuarded.<anonymous closure> (dart:async/zone.dart:965:23)
#42     _rootRun (dart:async/zone.dart:1126:13)
#43     _CustomZone.run (dart:async/zone.dart:1023:19)
#44     _CustomZone.runGuarded (dart:async/zone.dart:925:7)
#45     _CustomZone.bindCallbackGuarded.<anonymous closure> (dart:async/zone.dart:965:23)
#46     _microtaskLoop (dart:async/schedule_microtask.dart:43:21)
#47     _startMicrotaskLoop (dart:async/schedule_microtask.dart:52:5)
#48     _runPendingImmediateCallback (dart:isolate-patch/isolate_patch.dart:118:13)
#49     _RawReceivePortImpl._handleMessage (dart:isolate-patch/isolate_patch.dart:169:5)
```

## flutter doctor

```
[✓] Flutter (Channel dev, v1.15.3, on Mac OS X 10.15.2 19C57, locale en-SG)
    • Flutter version 1.15.3 at /Users/kevzzsk/Downloads/flutter
    • Framework revision 67826bdce5 (3 weeks ago), 2020-02-10 14:59:32 -0800
    • Engine revision 6158f03ef5
    • Dart version 2.8.0 (build 2.8.0-dev.8.0 514a8d4c84)

[✓] Android toolchain - develop for Android devices (Android SDK version 29.0.2)
    • Android SDK at /Users/kevzzsk/Library/Android/sdk
    • Android NDK location not configured (optional; useful for native profiling support)
    • Platform android-29, build-tools 29.0.2
    • Java binary at: /Applications/Android Studio.app/Contents/jre/jdk/Contents/Home/bin/java
    • Java version OpenJDK Runtime Environment (build 1.8.0_152-release-1248-b01)
    • All Android licenses accepted.

[✓] Xcode - develop for iOS and macOS (Xcode 11.3.1)
    • Xcode at /Applications/Xcode.app/Contents/Developer
    • Xcode 11.3.1, Build version 11C504
    • CocoaPods version 1.8.4

[✓] Android Studio (version 3.3)
    • Android Studio at /Applications/Android Studio.app/Contents
    • Flutter plugin version 33.4.1
    • Dart plugin version 182.5215
    • Java version OpenJDK Runtime Environment (build 1.8.0_152-release-1248-b01)

[!] IntelliJ IDEA Community Edition (version 2018.2.5)
    • IntelliJ at /Applications/IntelliJ IDEA CE.app
    ✗ Flutter plugin not installed; this adds Flutter specific functionality.
    ✗ Dart plugin not installed; this adds Dart specific functionality.
    • For information about installing plugins, see
      https://flutter.dev/intellij-setup/#installing-the-plugins

[✓] Connected device (1 available)
    • Kevzzsk • 00008020-000250C91A6A002E • ios • iOS 13.3

! Doctor found issues in 1 category.
```
